<?xml version="1.0" encoding="UTF-8"?>
<testsuite name="ru.stqa.island.addressbook.tests.GroupModificationTests" tests="1" skipped="0" failures="0" errors="0" timestamp="2018-09-13T08:51:29" hostname="Elenas-MacBook-Pro.local" time="0.897">
  <properties/>
  <testcase name="testGroupModification" classname="ru.stqa.island.addressbook.tests.GroupModificationTests" time="0.897"/>
  <system-out><![CDATA[11:51:29.257 [Test worker] INFO  r.s.i.addressbook.tests.TestBase - Start test testGroupModification with parameters []
11:51:29.341 [Test worker] INFO  o.h.h.i.QueryTranslatorFactoryInitiator - HHH000397: Using ASTQueryTranslatorFactory
Hibernate: select groupdata0_.group_id as group_id1_2_, groupdata0_.group_footer as group_fo2_2_, groupdata0_.group_header as group_he3_2_, groupdata0_.group_name as group_na4_2_ from group_list groupdata0_
Hibernate: select contacts0_.group_id as group_id2_0_0_, contacts0_.id as id1_0_0_, contactdat1_.id as id1_1_1_, contactdat1_.address as address2_1_1_, contactdat1_.firstname as firstnam3_1_1_, contactdat1_.home as home4_1_1_, contactdat1_.lastname as lastname5_1_1_, contactdat1_.mobile as mobile6_1_1_, contactdat1_.nickname as nickname7_1_1_, contactdat1_.photo as photo8_1_1_, contactdat1_.work as work9_1_1_ from address_in_groups contacts0_ inner join addressbook contactdat1_ on contacts0_.id=contactdat1_.id where contacts0_.group_id=?
Hibernate: select contacts0_.group_id as group_id2_0_0_, contacts0_.id as id1_0_0_, contactdat1_.id as id1_1_1_, contactdat1_.address as address2_1_1_, contactdat1_.firstname as firstnam3_1_1_, contactdat1_.home as home4_1_1_, contactdat1_.lastname as lastname5_1_1_, contactdat1_.mobile as mobile6_1_1_, contactdat1_.nickname as nickname7_1_1_, contactdat1_.photo as photo8_1_1_, contactdat1_.work as work9_1_1_ from address_in_groups contacts0_ inner join addressbook contactdat1_ on contacts0_.id=contactdat1_.id where contacts0_.group_id=?
Hibernate: select groups0_.id as id1_0_0_, groups0_.group_id as group_id2_0_0_, groupdata1_.group_id as group_id1_2_1_, groupdata1_.group_footer as group_fo2_2_1_, groupdata1_.group_header as group_he3_2_1_, groupdata1_.group_name as group_na4_2_1_ from address_in_groups groups0_ inner join group_list groupdata1_ on groups0_.group_id=groupdata1_.group_id where groups0_.id=?
Hibernate: select contacts0_.group_id as group_id2_0_0_, contacts0_.id as id1_0_0_, contactdat1_.id as id1_1_1_, contactdat1_.address as address2_1_1_, contactdat1_.firstname as firstnam3_1_1_, contactdat1_.home as home4_1_1_, contactdat1_.lastname as lastname5_1_1_, contactdat1_.mobile as mobile6_1_1_, contactdat1_.nickname as nickname7_1_1_, contactdat1_.photo as photo8_1_1_, contactdat1_.work as work9_1_1_ from address_in_groups contacts0_ inner join addressbook contactdat1_ on contacts0_.id=contactdat1_.id where contacts0_.group_id=?
Hibernate: select groupdata0_.group_id as group_id1_2_, groupdata0_.group_footer as group_fo2_2_, groupdata0_.group_header as group_he3_2_, groupdata0_.group_name as group_na4_2_ from group_list groupdata0_
Hibernate: select contacts0_.group_id as group_id2_0_0_, contacts0_.id as id1_0_0_, contactdat1_.id as id1_1_1_, contactdat1_.address as address2_1_1_, contactdat1_.firstname as firstnam3_1_1_, contactdat1_.home as home4_1_1_, contactdat1_.lastname as lastname5_1_1_, contactdat1_.mobile as mobile6_1_1_, contactdat1_.nickname as nickname7_1_1_, contactdat1_.photo as photo8_1_1_, contactdat1_.work as work9_1_1_ from address_in_groups contacts0_ inner join addressbook contactdat1_ on contacts0_.id=contactdat1_.id where contacts0_.group_id=?
Hibernate: select contacts0_.group_id as group_id2_0_0_, contacts0_.id as id1_0_0_, contactdat1_.id as id1_1_1_, contactdat1_.address as address2_1_1_, contactdat1_.firstname as firstnam3_1_1_, contactdat1_.home as home4_1_1_, contactdat1_.lastname as lastname5_1_1_, contactdat1_.mobile as mobile6_1_1_, contactdat1_.nickname as nickname7_1_1_, contactdat1_.photo as photo8_1_1_, contactdat1_.work as work9_1_1_ from address_in_groups contacts0_ inner join addressbook contactdat1_ on contacts0_.id=contactdat1_.id where contacts0_.group_id=?
Hibernate: select groups0_.id as id1_0_0_, groups0_.group_id as group_id2_0_0_, groupdata1_.group_id as group_id1_2_1_, groupdata1_.group_footer as group_fo2_2_1_, groupdata1_.group_header as group_he3_2_1_, groupdata1_.group_name as group_na4_2_1_ from address_in_groups groups0_ inner join group_list groupdata1_ on groups0_.group_id=groupdata1_.group_id where groups0_.id=?
Hibernate: select contacts0_.group_id as group_id2_0_0_, contacts0_.id as id1_0_0_, contactdat1_.id as id1_1_1_, contactdat1_.address as address2_1_1_, contactdat1_.firstname as firstnam3_1_1_, contactdat1_.home as home4_1_1_, contactdat1_.lastname as lastname5_1_1_, contactdat1_.mobile as mobile6_1_1_, contactdat1_.nickname as nickname7_1_1_, contactdat1_.photo as photo8_1_1_, contactdat1_.work as work9_1_1_ from address_in_groups contacts0_ inner join addressbook contactdat1_ on contacts0_.id=contactdat1_.id where contacts0_.group_id=?
Hibernate: select groupdata0_.group_id as group_id1_2_, groupdata0_.group_footer as group_fo2_2_, groupdata0_.group_header as group_he3_2_, groupdata0_.group_name as group_na4_2_ from group_list groupdata0_
Hibernate: select contacts0_.group_id as group_id2_0_0_, contacts0_.id as id1_0_0_, contactdat1_.id as id1_1_1_, contactdat1_.address as address2_1_1_, contactdat1_.firstname as firstnam3_1_1_, contactdat1_.home as home4_1_1_, contactdat1_.lastname as lastname5_1_1_, contactdat1_.mobile as mobile6_1_1_, contactdat1_.nickname as nickname7_1_1_, contactdat1_.photo as photo8_1_1_, contactdat1_.work as work9_1_1_ from address_in_groups contacts0_ inner join addressbook contactdat1_ on contacts0_.id=contactdat1_.id where contacts0_.group_id=?
Hibernate: select contacts0_.group_id as group_id2_0_0_, contacts0_.id as id1_0_0_, contactdat1_.id as id1_1_1_, contactdat1_.address as address2_1_1_, contactdat1_.firstname as firstnam3_1_1_, contactdat1_.home as home4_1_1_, contactdat1_.lastname as lastname5_1_1_, contactdat1_.mobile as mobile6_1_1_, contactdat1_.nickname as nickname7_1_1_, contactdat1_.photo as photo8_1_1_, contactdat1_.work as work9_1_1_ from address_in_groups contacts0_ inner join addressbook contactdat1_ on contacts0_.id=contactdat1_.id where contacts0_.group_id=?
Hibernate: select groups0_.id as id1_0_0_, groups0_.group_id as group_id2_0_0_, groupdata1_.group_id as group_id1_2_1_, groupdata1_.group_footer as group_fo2_2_1_, groupdata1_.group_header as group_he3_2_1_, groupdata1_.group_name as group_na4_2_1_ from address_in_groups groups0_ inner join group_list groupdata1_ on groups0_.group_id=groupdata1_.group_id where groups0_.id=?
Hibernate: select contacts0_.group_id as group_id2_0_0_, contacts0_.id as id1_0_0_, contactdat1_.id as id1_1_1_, contactdat1_.address as address2_1_1_, contactdat1_.firstname as firstnam3_1_1_, contactdat1_.home as home4_1_1_, contactdat1_.lastname as lastname5_1_1_, contactdat1_.mobile as mobile6_1_1_, contactdat1_.nickname as nickname7_1_1_, contactdat1_.photo as photo8_1_1_, contactdat1_.work as work9_1_1_ from address_in_groups contacts0_ inner join addressbook contactdat1_ on contacts0_.id=contactdat1_.id where contacts0_.group_id=?
]]></system-out>
  <system-err><![CDATA[]]></system-err>
</testsuite>
